<?xml version="1.0" encoding="UTF-8"?>
<robot generator="Robot 3.2.1 (Python 3.8.3 on win32)" generated="20201119 22:40:09.827" rpa="false">
<suite id="s1" name="Compra" source="c:\Swag\Web\Tests\Compra.robot">
<test id="s1-t1" name="Efetuando a compra de mochila">
<kw name="Nova Sessão" library="base" type="setup">
<kw name="Open Browser" library="SeleniumLibrary">
<doc>Opens a new browser instance to the optional ``url``.</doc>
<arguments>
<arg>${url}</arg>
<arg>chrome</arg>
</arguments>
<msg timestamp="20201119 22:40:10.313" level="INFO">Opening browser 'chrome' to base url 'https://www.saucedemo.com/'.</msg>
<status status="PASS" starttime="20201119 22:40:10.313" endtime="20201119 22:40:14.673"></status>
</kw>
<status status="PASS" starttime="20201119 22:40:10.312" endtime="20201119 22:40:14.674"></status>
</kw>
<kw name="Input Text" library="SeleniumLibrary">
<doc>Types the given ``text`` into the text field identified by ``locator``.</doc>
<arguments>
<arg>${usuario}</arg>
<arg>standard_user</arg>
</arguments>
<msg timestamp="20201119 22:40:14.675" level="INFO">Typing text 'standard_user' into text field 'id:user-name'.</msg>
<status status="PASS" starttime="20201119 22:40:14.675" endtime="20201119 22:40:14.860"></status>
</kw>
<kw name="Input Text" library="SeleniumLibrary">
<doc>Types the given ``text`` into the text field identified by ``locator``.</doc>
<arguments>
<arg>${senha}</arg>
<arg>secret_sauce</arg>
</arguments>
<msg timestamp="20201119 22:40:14.861" level="INFO">Typing text 'secret_sauce' into text field 'id:password'.</msg>
<status status="PASS" starttime="20201119 22:40:14.861" endtime="20201119 22:40:15.021"></status>
</kw>
<kw name="Click Button" library="SeleniumLibrary">
<doc>Clicks the button identified by ``locator``.</doc>
<arguments>
<arg>${bt-login}</arg>
</arguments>
<msg timestamp="20201119 22:40:15.022" level="INFO">Clicking button 'id:login-button'.</msg>
<status status="PASS" starttime="20201119 22:40:15.022" endtime="20201119 22:40:15.924"></status>
</kw>
<kw name="Click Element" library="SeleniumLibrary">
<doc>Click the element identified by ``locator``.</doc>
<arguments>
<arg>${bt-addcompra}</arg>
</arguments>
<msg timestamp="20201119 22:40:15.925" level="INFO">Clicking element 'css:button[class="btn_primary btn_inventory"]'.</msg>
<status status="PASS" starttime="20201119 22:40:15.925" endtime="20201119 22:40:16.000"></status>
</kw>
<kw name="Click Element" library="SeleniumLibrary">
<doc>Click the element identified by ``locator``.</doc>
<arguments>
<arg>${bt-carrinho}</arg>
</arguments>
<msg timestamp="20201119 22:40:16.001" level="INFO">Clicking element 'id:shopping_cart_container'.</msg>
<status status="PASS" starttime="20201119 22:40:16.001" endtime="20201119 22:40:16.167"></status>
</kw>
<kw name="Click Element" library="SeleniumLibrary">
<doc>Click the element identified by ``locator``.</doc>
<arguments>
<arg>${checkout}</arg>
</arguments>
<msg timestamp="20201119 22:40:16.176" level="INFO">Clicking element 'xpath://a[@href="./checkout-step-one.html"]'.</msg>
<status status="PASS" starttime="20201119 22:40:16.175" endtime="20201119 22:40:16.355"></status>
</kw>
<kw name="Input Text" library="SeleniumLibrary">
<doc>Types the given ``text`` into the text field identified by ``locator``.</doc>
<arguments>
<arg>${nome}</arg>
<arg>Eliud</arg>
</arguments>
<msg timestamp="20201119 22:40:16.357" level="INFO">Typing text 'Eliud' into text field 'id:first-name'.</msg>
<status status="PASS" starttime="20201119 22:40:16.356" endtime="20201119 22:40:16.509"></status>
</kw>
<kw name="Input Text" library="SeleniumLibrary">
<doc>Types the given ``text`` into the text field identified by ``locator``.</doc>
<arguments>
<arg>${sobrenome}</arg>
<arg>Kipchoge</arg>
</arguments>
<msg timestamp="20201119 22:40:16.511" level="INFO">Typing text 'Kipchoge' into text field 'id:last-name'.</msg>
<status status="PASS" starttime="20201119 22:40:16.510" endtime="20201119 22:40:16.655"></status>
</kw>
<kw name="Input Text" library="SeleniumLibrary">
<doc>Types the given ``text`` into the text field identified by ``locator``.</doc>
<arguments>
<arg>${CEP}</arg>
<arg>06230020</arg>
</arguments>
<msg timestamp="20201119 22:40:16.657" level="INFO">Typing text '06230020' into text field 'id:postal-code'.</msg>
<status status="PASS" starttime="20201119 22:40:16.656" endtime="20201119 22:40:16.901"></status>
</kw>
<kw name="Click Button" library="SeleniumLibrary">
<doc>Clicks the button identified by ``locator``.</doc>
<arguments>
<arg>${continua}</arg>
</arguments>
<msg timestamp="20201119 22:40:16.903" level="INFO">Clicking button 'xpath://input[@value="CONTINUE"]'.</msg>
<status status="PASS" starttime="20201119 22:40:16.902" endtime="20201119 22:40:17.182"></status>
</kw>
<kw name="Click Element" library="SeleniumLibrary">
<doc>Click the element identified by ``locator``.</doc>
<arguments>
<arg>${fim_compra}</arg>
</arguments>
<msg timestamp="20201119 22:40:17.183" level="INFO">Clicking element 'xpath://a[@href="./checkout-complete.html"]'.</msg>
<status status="PASS" starttime="20201119 22:40:17.183" endtime="20201119 22:40:17.626"></status>
</kw>
<kw name="Get WebElement" library="SeleniumLibrary">
<doc>Returns the first WebElement matching the given ``locator``.</doc>
<arguments>
<arg>${sale}</arg>
</arguments>
<assign>
<var>${compra}</var>
</assign>
<msg timestamp="20201119 22:40:17.654" level="INFO">${compra} = &lt;selenium.webdriver.remote.webelement.WebElement (session="9f2a2e09530f76fdea12dd84ad3ecee5", element="9fd8562a-a45c-478a-8528-1380b67822ce")&gt;</msg>
<status status="PASS" starttime="20201119 22:40:17.627" endtime="20201119 22:40:17.654"></status>
</kw>
<kw name="Encerra Sessão" library="base" type="teardown">
<kw name="Capture Page Screenshot" library="SeleniumLibrary">
<doc>Takes a screenshot of the current page and embeds it into a log file.</doc>
<msg timestamp="20201119 22:40:17.964" level="INFO" html="yes">&lt;/td&gt;&lt;/tr&gt;&lt;tr&gt;&lt;td colspan="3"&gt;&lt;a href="selenium-screenshot-9.png"&gt;&lt;img src="selenium-screenshot-9.png" width="800px"&gt;&lt;/a&gt;</msg>
<status status="PASS" starttime="20201119 22:40:17.656" endtime="20201119 22:40:17.964"></status>
</kw>
<kw name="Close Browser" library="SeleniumLibrary">
<doc>Closes the current browser.</doc>
<status status="PASS" starttime="20201119 22:40:17.964" endtime="20201119 22:40:20.210"></status>
</kw>
<status status="PASS" starttime="20201119 22:40:17.655" endtime="20201119 22:40:20.210"></status>
</kw>
<status status="PASS" starttime="20201119 22:40:10.310" endtime="20201119 22:40:20.211" critical="yes"></status>
</test>
<status status="PASS" starttime="20201119 22:40:09.832" endtime="20201119 22:40:20.214"></status>
</suite>
<statistics>
<total>
<stat pass="1" fail="0">Critical Tests</stat>
<stat pass="1" fail="0">All Tests</stat>
</total>
<tag>
</tag>
<suite>
<stat pass="1" fail="0" id="s1" name="Compra">Compra</stat>
</suite>
</statistics>
<errors>
</errors>
</robot>
